<?xml version="1.0" encoding="UTF-8"?>
<testsuite xmlns:xsi="http://www.w3.org/2001/XMLSchema-instance" xsi:noNamespaceSchemaLocation="https://maven.apache.org/surefire/maven-surefire-plugin/xsd/surefire-test-report.xsd" name="com.tieto.training.CircleTest" time="0.085" tests="9" errors="9" skipped="0" failures="0">
  <properties>
    <property name="sun.desktop" value="windows"/>
    <property name="awt.toolkit" value="sun.awt.windows.WToolkit"/>
    <property name="java.specification.version" value="12"/>
    <property name="sun.cpu.isalist" value="amd64"/>
    <property name="sun.jnu.encoding" value="Cp1250"/>
    <property name="java.class.path" value="C:\Coding\JavaTieto\lessonR03\target\test-classes;C:\Coding\JavaTieto\lessonR03\target\classes;C:\Users\garkudmi\.m2\repository\org\junit\jupiter\junit-jupiter-api\5.4.0\junit-jupiter-api-5.4.0.jar;C:\Users\garkudmi\.m2\repository\org\apiguardian\apiguardian-api\1.0.0\apiguardian-api-1.0.0.jar;C:\Users\garkudmi\.m2\repository\org\opentest4j\opentest4j\1.1.1\opentest4j-1.1.1.jar;C:\Users\garkudmi\.m2\repository\org\junit\platform\junit-platform-commons\1.4.0\junit-platform-commons-1.4.0.jar;C:\Users\garkudmi\.m2\repository\org\junit\jupiter\junit-jupiter-engine\5.3.1\junit-jupiter-engine-5.3.1.jar;C:\Users\garkudmi\.m2\repository\org\junit\platform\junit-platform-engine\1.3.1\junit-platform-engine-1.3.1.jar;C:\Users\garkudmi\.m2\repository\org\projectlombok\lombok\1.18.8\lombok-1.18.8.jar;"/>
    <property name="java.vm.vendor" value="Oracle Corporation"/>
    <property name="sun.arch.data.model" value="64"/>
    <property name="user.variant" value=""/>
    <property name="java.vendor.url" value="https://java.oracle.com/"/>
    <property name="user.timezone" value="Europe/Budapest"/>
    <property name="user.country.format" value="CZ"/>
    <property name="os.name" value="Windows 10"/>
    <property name="java.vm.specification.version" value="12"/>
    <property name="sun.java.launcher" value="SUN_STANDARD"/>
    <property name="user.country" value="US"/>
    <property name="sun.boot.library.path" value="C:\Program Files\Java\jdk-12.0.1\bin"/>
    <property name="sun.java.command" value="C:\Users\garkudmi\AppData\Local\Temp\surefire2262571205161995775\surefirebooter14467075262201677184.jar C:\Users\garkudmi\AppData\Local\Temp\surefire2262571205161995775 2019-09-02T16-23-57_096-jvmRun1 surefire9857282626486654835tmp surefire_07405180184561743720tmp"/>
    <property name="jdk.debug" value="release"/>
    <property name="surefire.test.class.path" value="C:\Coding\JavaTieto\lessonR03\target\test-classes;C:\Coding\JavaTieto\lessonR03\target\classes;C:\Users\garkudmi\.m2\repository\org\junit\jupiter\junit-jupiter-api\5.4.0\junit-jupiter-api-5.4.0.jar;C:\Users\garkudmi\.m2\repository\org\apiguardian\apiguardian-api\1.0.0\apiguardian-api-1.0.0.jar;C:\Users\garkudmi\.m2\repository\org\opentest4j\opentest4j\1.1.1\opentest4j-1.1.1.jar;C:\Users\garkudmi\.m2\repository\org\junit\platform\junit-platform-commons\1.4.0\junit-platform-commons-1.4.0.jar;C:\Users\garkudmi\.m2\repository\org\junit\jupiter\junit-jupiter-engine\5.3.1\junit-jupiter-engine-5.3.1.jar;C:\Users\garkudmi\.m2\repository\org\junit\platform\junit-platform-engine\1.3.1\junit-platform-engine-1.3.1.jar;C:\Users\garkudmi\.m2\repository\org\projectlombok\lombok\1.18.8\lombok-1.18.8.jar;"/>
    <property name="sun.cpu.endian" value="little"/>
    <property name="user.home" value="C:\Users\garkudmi"/>
    <property name="user.language" value="en"/>
    <property name="java.specification.vendor" value="Oracle Corporation"/>
    <property name="java.version.date" value="2019-04-16"/>
    <property name="java.home" value="C:\Program Files\Java\jdk-12.0.1"/>
    <property name="file.separator" value="\"/>
    <property name="basedir" value="C:\Coding\JavaTieto\lessonR03"/>
    <property name="java.vm.compressedOopsMode" value="32-bit"/>
    <property name="line.separator" value="&#10;"/>
    <property name="java.vm.specification.vendor" value="Oracle Corporation"/>
    <property name="java.specification.name" value="Java Platform API Specification"/>
    <property name="java.awt.graphicsenv" value="sun.awt.Win32GraphicsEnvironment"/>
    <property name="surefire.real.class.path" value="C:\Users\garkudmi\AppData\Local\Temp\surefire2262571205161995775\surefirebooter14467075262201677184.jar"/>
    <property name="user.script" value=""/>
    <property name="sun.management.compiler" value="HotSpot 64-Bit Tiered Compilers"/>
    <property name="java.runtime.version" value="12.0.1+12"/>
    <property name="user.name" value="garkudmi"/>
    <property name="path.separator" value=";"/>
    <property name="os.version" value="10.0"/>
    <property name="java.runtime.name" value="Java(TM) SE Runtime Environment"/>
    <property name="file.encoding" value="Cp1250"/>
    <property name="java.vm.name" value="Java HotSpot(TM) 64-Bit Server VM"/>
    <property name="localRepository" value="C:\Users\garkudmi\.m2\repository"/>
    <property name="java.vendor.url.bug" value="https://bugreport.java.com/bugreport/"/>
    <property name="java.io.tmpdir" value="C:\Users\garkudmi\AppData\Local\Temp\"/>
    <property name="java.version" value="12.0.1"/>
    <property name="user.dir" value="C:\Coding\JavaTieto\lessonR03"/>
    <property name="os.arch" value="amd64"/>
    <property name="java.vm.specification.name" value="Java Virtual Machine Specification"/>
    <property name="user.language.format" value="cs"/>
    <property name="sun.os.patch.level" value=""/>
    <property name="java.library.path" value="C:\Program Files\Java\jdk-12.0.1\bin;C:\WINDOWS\Sun\Java\bin;C:\WINDOWS\system32;C:\WINDOWS;C:\Program Files (x86)\Common Files\Oracle\Java\javapath;C:\Program Files\Java\jdk-12.0.1\bin\;C:\Program Files\Python37\Scripts\;C:\Program Files\Python37\;C:\WINDOWS\system32;C:\WINDOWS;C:\WINDOWS\System32\Wbem;C:\WINDOWS\System32\WindowsPowerShell\v1.0\;C:\Program Files\Git\cmd;C:\Program Files\dotnet\;C:\Program Files\Microsoft SQL Server\130\Tools\Binn\;C:\ProgramData\chocolatey\bin;;C:\Program Files\PuTTY\;C:\Program Files (x86)\Nmap;."/>
    <property name="java.vm.info" value="mixed mode, sharing"/>
    <property name="java.vendor" value="Oracle Corporation"/>
    <property name="java.vm.version" value="12.0.1+12"/>
    <property name="sun.io.unicode.encoding" value="UnicodeLittle"/>
    <property name="java.class.version" value="56.0"/>
  </properties>
  <testcase name="isInsideXYLeftDownInTest" classname="com.tieto.training.CircleTest" time="0.017">
    <error type="java.lang.NullPointerException">java.lang.NullPointerException
	at com.tieto.training.CircleTest.isInsideXYLeftDownInTest(CircleTest.java:46)
</error>
  </testcase>
  <testcase name="isInsideInXYRightUpOutTest" classname="com.tieto.training.CircleTest" time="0.02">
    <error type="java.lang.NullPointerException">java.lang.NullPointerException
	at com.tieto.training.CircleTest.isInsideInXYRightUpOutTest(CircleTest.java:30)
</error>
  </testcase>
  <testcase name="isInsideInXYLeftDownOutTest" classname="com.tieto.training.CircleTest" time="0.001">
    <error type="java.lang.NullPointerException">java.lang.NullPointerException
	at com.tieto.training.CircleTest.isInsideInXYLeftDownOutTest(CircleTest.java:54)
</error>
  </testcase>
  <testcase name="isInsideSameAsCenterYesTest" classname="com.tieto.training.CircleTest" time="0.004">
    <error type="java.lang.NullPointerException">java.lang.NullPointerException
	at com.tieto.training.CircleTest.isInsideSameAsCenterYesTest(CircleTest.java:38)
</error>
  </testcase>
  <testcase name="isInsideXYRightUpInTest" classname="com.tieto.training.CircleTest" time="0.001">
    <error type="java.lang.NullPointerException">java.lang.NullPointerException
	at com.tieto.training.CircleTest.isInsideXYRightUpInTest(CircleTest.java:22)
</error>
  </testcase>
  <testcase name="isInsideInXYLeftUpOutTest" classname="com.tieto.training.CircleTest" time="0.001">
    <error type="java.lang.NullPointerException">java.lang.NullPointerException
	at com.tieto.training.CircleTest.isInsideInXYLeftUpOutTest(CircleTest.java:70)
</error>
  </testcase>
  <testcase name="isInsideOnTheEdgeLeft" classname="com.tieto.training.CircleTest" time="0">
    <error type="java.lang.NullPointerException">java.lang.NullPointerException
	at com.tieto.training.CircleTest.isInsideOnTheEdgeLeft(CircleTest.java:86)
</error>
  </testcase>
  <testcase name="isInsideOnTheEdgeRight" classname="com.tieto.training.CircleTest" time="0">
    <error type="java.lang.NullPointerException">java.lang.NullPointerException
	at com.tieto.training.CircleTest.isInsideOnTheEdgeRight(CircleTest.java:78)
</error>
  </testcase>
  <testcase name="isInsideXYLeftUpInTest" classname="com.tieto.training.CircleTest" time="0">
    <error type="java.lang.NullPointerException">java.lang.NullPointerException
	at com.tieto.training.CircleTest.isInsideXYLeftUpInTest(CircleTest.java:62)
</error>
  </testcase>
</testsuite>